<?xml version="1.0" encoding="UTF-8"?>
<testsuite name="com.ktb.lukas.LukasApplicationTests" tests="1" skipped="0" failures="0" errors="0" timestamp="2026-06-15T22:56:56.795Z" hostname="lukasleeui-MacBookPro.local" time="2.03">
  <properties/>
  <testcase name="contextLoads()" classname="com.ktb.lukas.LukasApplicationTests" time="0.227"/>
  <system-out><![CDATA[07:56:56.856 [Test worker] INFO org.springframework.test.context.support.AnnotationConfigContextLoaderUtils -- Could not detect default configuration classes for test class [com.ktb.lukas.LukasApplicationTests]: LukasApplicationTests does not declare any static, non-private, non-final, nested classes annotated with @Configuration.
07:56:56.895 [Test worker] INFO org.springframework.boot.test.context.SpringBootTestContextBootstrapper -- Found @SpringBootConfiguration com.ktb.lukas.LukasApplication for test class com.ktb.lukas.LukasApplicationTests
07:56:56.919 [Test worker] INFO org.springframework.test.context.support.AnnotationConfigContextLoaderUtils -- Could not detect default configuration classes for test class [com.ktb.lukas.LukasApplicationTests]: LukasApplicationTests does not declare any static, non-private, non-final, nested classes annotated with @Configuration.
07:56:56.920 [Test worker] INFO org.springframework.boot.test.context.SpringBootTestContextBootstrapper -- Found @SpringBootConfiguration com.ktb.lukas.LukasApplication for test class com.ktb.lukas.LukasApplicationTests

  .   ____          _            __ _ _
 /\\ / ___'_ __ _ _(_)_ __  __ _ \ \ \ \
( ( )\___ | '_ | '_| | '_ \/ _` | \ \ \ \
 \\/  ___)| |_)| | | | | || (_| |  ) ) ) )
  '  |____| .__|_| |_|_| |_\__, | / / / /
 =========|_|==============|___/=/_/_/_/

 :: Spring Boot ::                (v4.0.6)

2026-06-16T07:56:57.030+09:00  INFO 7633 --- [    Test worker] com.ktb.lukas.LukasApplicationTests      : Starting LukasApplicationTests using Java 21.0.11 with PID 7633 (started by lukas.lee in /Users/lukas.lee/Desktop/community)
2026-06-16T07:56:57.031+09:00  INFO 7633 --- [    Test worker] com.ktb.lukas.LukasApplicationTests      : The following 1 profile is active: "development"
2026-06-16T07:56:57.248+09:00  INFO 7633 --- [    Test worker] .s.d.r.c.RepositoryConfigurationDelegate : Bootstrapping Spring Data JPA repositories in DEFAULT mode.
2026-06-16T07:56:57.270+09:00  INFO 7633 --- [    Test worker] .s.d.r.c.RepositoryConfigurationDelegate : Finished Spring Data repository scanning in 19 ms. Found 5 JPA repository interfaces.
2026-06-16T07:56:57.457+09:00  INFO 7633 --- [    Test worker] org.hibernate.orm.jpa                    : HHH008540: Processing PersistenceUnitInfo [name: default]
2026-06-16T07:56:57.475+09:00  INFO 7633 --- [    Test worker] org.hibernate.orm.core                   : HHH000001: Hibernate ORM core version 7.2.12.Final
2026-06-16T07:56:57.613+09:00  INFO 7633 --- [    Test worker] o.s.o.j.p.SpringPersistenceUnitInfo      : No LoadTimeWeaver setup: ignoring JPA class transformer
2026-06-16T07:56:57.623+09:00  INFO 7633 --- [    Test worker] com.zaxxer.hikari.HikariDataSource       : HikariPool-1 - Starting...
2026-06-16T07:56:57.677+09:00  INFO 7633 --- [    Test worker] com.zaxxer.hikari.pool.HikariPool        : HikariPool-1 - Added connection com.mysql.cj.jdbc.ConnectionImpl@78b44fcb
2026-06-16T07:56:57.677+09:00  INFO 7633 --- [    Test worker] com.zaxxer.hikari.HikariDataSource       : HikariPool-1 - Start completed.
2026-06-16T07:56:57.706+09:00  INFO 7633 --- [    Test worker] org.hibernate.orm.connections.pooling    : HHH10001005: Database info:
	Database JDBC URL [jdbc:mysql://localhost:3306/springdatajpa?serverTimezone=UTC&useSSL=false&allowPublicKeyRetrieval=true]
	Database driver: MySQL Connector/J
	Database dialect: MySQLDialect
	Database version: 9.7
	Default catalog/schema: springdatajpa/undefined
	Autocommit mode: undefined/unknown
	Isolation level: REPEATABLE_READ [default REPEATABLE_READ]
	JDBC fetch size: none
	Pool: DataSourceConnectionProvider
	Minimum pool size: undefined/unknown
	Maximum pool size: undefined/unknown
2026-06-16T07:56:58.062+09:00  INFO 7633 --- [    Test worker] org.hibernate.orm.core                   : HHH000489: No JTA platform available (set 'hibernate.transaction.jta.platform' to enable JTA platform integration)
2026-06-16T07:56:58.069+09:00 DEBUG 7633 --- [    Test worker] org.hibernate.SQL                        : 
    alter table comment 
       drop 
       foreign key FKs1slvnkuemjsq2kj4h3vhx7i1
2026-06-16T07:56:58.078+09:00 DEBUG 7633 --- [    Test worker] org.hibernate.SQL                        : 
    alter table comment 
       drop 
       foreign key FKqm52p1v3o13hy268he0wcngr5
2026-06-16T07:56:58.084+09:00 DEBUG 7633 --- [    Test worker] org.hibernate.SQL                        : 
    alter table post 
       drop 
       foreign key FK7ky67sgi7k0ayf22652f7763r
2026-06-16T07:56:58.093+09:00 DEBUG 7633 --- [    Test worker] org.hibernate.SQL                        : 
    alter table postlike 
       drop 
       foreign key FK3srt471ix9w98mcbbghlryvgd
2026-06-16T07:56:58.098+09:00 DEBUG 7633 --- [    Test worker] org.hibernate.SQL                        : 
    alter table postlike 
       drop 
       foreign key FK48dsodq3orfvx8wcmqi7fxk3k
2026-06-16T07:56:58.104+09:00 DEBUG 7633 --- [    Test worker] org.hibernate.SQL                        : 
    drop table if exists comment
2026-06-16T07:56:58.107+09:00 DEBUG 7633 --- [    Test worker] org.hibernate.SQL                        : 
    drop table if exists post
2026-06-16T07:56:58.109+09:00 DEBUG 7633 --- [    Test worker] org.hibernate.SQL                        : 
    drop table if exists postlike
2026-06-16T07:56:58.112+09:00 DEBUG 7633 --- [    Test worker] org.hibernate.SQL                        : 
    drop table if exists refresh_token
2026-06-16T07:56:58.114+09:00 DEBUG 7633 --- [    Test worker] org.hibernate.SQL                        : 
    drop table if exists users
2026-06-16T07:56:58.119+09:00 DEBUG 7633 --- [    Test worker] org.hibernate.SQL                        : 
    create table comment (
        create_at datetime(6) not null,
        id bigint not null auto_increment,
        post_id bigint,
        update_at datetime(6) not null,
        user_id bigint,
        comment varchar(255) not null,
        primary key (id)
    ) engine=InnoDB
2026-06-16T07:56:58.124+09:00 DEBUG 7633 --- [    Test worker] org.hibernate.SQL                        : 
    create table post (
        like_count integer,
        view_count integer,
        create_at datetime(6) not null,
        post_id bigint not null auto_increment,
        update_at datetime(6) not null,
        user_id bigint,
        post_content varchar(255),
        post_image varchar(255),
        post_title varchar(255),
        primary key (post_id)
    ) engine=InnoDB
2026-06-16T07:56:58.128+09:00 DEBUG 7633 --- [    Test worker] org.hibernate.SQL                        : 
    create table postlike (
        create_at datetime(6) not null,
        id bigint not null auto_increment,
        post_id bigint not null,
        update_at datetime(6) not null,
        user_id bigint not null,
        primary key (id)
    ) engine=InnoDB
2026-06-16T07:56:58.132+09:00 DEBUG 7633 --- [    Test worker] org.hibernate.SQL                        : 
    create table refresh_token (
        expires_at datetime(6) not null,
        id bigint not null auto_increment,
        user_id bigint not null,
        token varchar(255) not null,
        primary key (id)
    ) engine=InnoDB
2026-06-16T07:56:58.136+09:00 DEBUG 7633 --- [    Test worker] org.hibernate.SQL                        : 
    create table users (
        create_at datetime(6) not null,
        update_at datetime(6) not null,
        user_id bigint not null auto_increment,
        nickname varchar(10) not null,
        email varchar(40) not null,
        password varchar(100) not null,
        image_id varchar(200),
        primary key (user_id)
    ) engine=InnoDB
2026-06-16T07:56:58.140+09:00 DEBUG 7633 --- [    Test worker] org.hibernate.SQL                        : 
    alter table refresh_token 
       add constraint UKr4k4edos30bx9neoq81mdvwph unique (token)
2026-06-16T07:56:58.144+09:00 DEBUG 7633 --- [    Test worker] org.hibernate.SQL                        : 
    alter table users 
       add constraint UK2ty1xmrrgtn89xt7kyxx6ta7h unique (nickname)
2026-06-16T07:56:58.149+09:00 DEBUG 7633 --- [    Test worker] org.hibernate.SQL                        : 
    alter table users 
       add constraint UK6dotkott2kjsp8vw4d0m25fb7 unique (email)
2026-06-16T07:56:58.154+09:00 DEBUG 7633 --- [    Test worker] org.hibernate.SQL                        : 
    alter table comment 
       add constraint FKs1slvnkuemjsq2kj4h3vhx7i1 
       foreign key (post_id) 
       references post (post_id)
2026-06-16T07:56:58.165+09:00 DEBUG 7633 --- [    Test worker] org.hibernate.SQL                        : 
    alter table comment 
       add constraint FKqm52p1v3o13hy268he0wcngr5 
       foreign key (user_id) 
       references users (user_id)
2026-06-16T07:56:58.172+09:00 DEBUG 7633 --- [    Test worker] org.hibernate.SQL                        : 
    alter table post 
       add constraint FK7ky67sgi7k0ayf22652f7763r 
       foreign key (user_id) 
       references users (user_id)
2026-06-16T07:56:58.178+09:00 DEBUG 7633 --- [    Test worker] org.hibernate.SQL                        : 
    alter table postlike 
       add constraint FK3srt471ix9w98mcbbghlryvgd 
       foreign key (post_id) 
       references post (post_id)
2026-06-16T07:56:58.183+09:00 DEBUG 7633 --- [    Test worker] org.hibernate.SQL                        : 
    alter table postlike 
       add constraint FK48dsodq3orfvx8wcmqi7fxk3k 
       foreign key (user_id) 
       references users (user_id)
2026-06-16T07:56:58.190+09:00  INFO 7633 --- [    Test worker] j.LocalContainerEntityManagerFactoryBean : Initialized JPA EntityManagerFactory for persistence unit 'default'
2026-06-16T07:56:58.244+09:00  INFO 7633 --- [    Test worker] o.s.d.j.r.query.QueryEnhancerFactories   : Hibernate is in classpath; If applicable, HQL parser will be used.
2026-06-16T07:56:58.373+09:00  WARN 7633 --- [    Test worker] JpaBaseConfiguration$JpaWebConfiguration : spring.jpa.open-in-view is enabled by default. Therefore, database queries may be performed during view rendering. Explicitly configure spring.jpa.open-in-view to disable this warning
2026-06-16T07:56:58.395+09:00  WARN 7633 --- [    Test worker] .s.a.UserDetailsServiceAutoConfiguration : 

Using generated security password: ca6bf2e1-bfd5-4cab-a50f-bfba822c87f7

This generated password is for development use only. Your security configuration must be updated before running your application in production.

2026-06-16T07:56:58.399+09:00  INFO 7633 --- [    Test worker] r$InitializeUserDetailsManagerConfigurer : Global AuthenticationManager configured with UserDetailsService bean with name inMemoryUserDetailsManager
2026-06-16T07:56:58.594+09:00  INFO 7633 --- [    Test worker] com.ktb.lukas.LukasApplicationTests      : Started LukasApplicationTests in 1.653 seconds (process running for 2.077)
]]></system-out>
  <system-err><![CDATA[Mockito is currently self-attaching to enable the inline-mock-maker. This will no longer work in future releases of the JDK. Please add Mockito as an agent to your build as described in Mockito's documentation: https://javadoc.io/doc/org.mockito/mockito-core/latest/org.mockito/org/mockito/Mockito.html#0.3
WARNING: A Java agent has been loaded dynamically (/Users/lukas.lee/.gradle/caches/modules-2/files-2.1/net.bytebuddy/byte-buddy-agent/1.17.8/f09415827a71be7ed621c7bd02550678f28bc81c/byte-buddy-agent-1.17.8.jar)
WARNING: If a serviceability tool is in use, please run with -XX:+EnableDynamicAgentLoading to hide this warning
WARNING: If a serviceability tool is not in use, please run with -Djdk.instrument.traceUsage for more information
WARNING: Dynamic loading of agents will be disallowed by default in a future release
]]></system-err>
</testsuite>
